#
# There is insufficient memory for the Java Runtime Environment to continue.
# Native memory allocation (malloc) failed to allocate 32744 bytes for ChunkPool::allocate
# Possible reasons:
#   The system is out of physical RAM or swap space
#   In 32 bit mode, the process size limit was hit
# Possible solutions:
#   Reduce memory load on the system
#   Increase physical memory or swap space
#   Check if swap backing store is full
#   Use 64 bit Java on a 64 bit OS
#   Decrease Java heap size (-Xmx/-Xms)
#   Decrease number of Java threads
#   Decrease Java thread stack sizes (-Xss)
#   Set larger code cache with -XX:ReservedCodeCacheSize=
# This output file may be truncated or incomplete.
#
#  Out of Memory Error (allocation.cpp:273), pid=7940, tid=0x0000000000001f40
#
# JRE version: OpenJDK Runtime Environment (8.0_76-b03) (build 1.8.0_76-release-b03)
# Java VM: OpenJDK 64-Bit Server VM (25.76-b03 mixed mode windows-amd64 compressed oops)
# Failed to write core dump. Minidumps are not enabled by default on client versions of Windows
#

---------------  T H R E A D  ---------------

Current thread (0x00000000163a8800):  JavaThread "C2 CompilerThread0" daemon [_thread_in_native, id=8000, stack(0x00000000178f0000,0x00000000179f0000)]

Stack: [0x00000000178f0000,0x00000000179f0000]
[error occurred during error reporting (printing stack bounds), id 0xc0000005]

Native frames: (J=compiled Java code, j=interpreted, Vv=VM code, C=native code)


Current CompileTask:
C2:  17197 3712       4       groovy.lang.MetaClassImpl::addMetaMethodToIndex (65 bytes)


---------------  P R O C E S S  ---------------

Java Threads: ( => current thread )
  0x00000000194ba800 JavaThread "File lock request listener" [_thread_in_native, id=5244, stack(0x000000001c450000,0x000000001c550000)]
  0x000000001940e000 JavaThread "Stdin handler" [_thread_blocked, id=5840, stack(0x000000001a9c0000,0x000000001aac0000)]
  0x000000001940d000 JavaThread "Asynchronous log dispatcher for org.gradle.launcher.daemon.server.DefaultDaemonConnection@3b7ec96a" [_thread_blocked, id=4776, stack(0x0000000019d50000,0x0000000019e50000)]
  0x0000000019416000 JavaThread "Daemon worker" [_thread_in_vm, id=5376, stack(0x000000001a850000,0x000000001a950000)]
  0x00000000197c2000 JavaThread "Cancel handler" [_thread_blocked, id=5852, stack(0x000000001a6b0000,0x000000001a7b0000)]
  0x00000000193f2800 JavaThread "Handler for socket connection from /127.0.0.1:62334 to /127.0.0.1:62336" [_thread_in_native, id=8052, stack(0x0000000018bb0000,0x0000000018cb0000)]
  0x00000000193f2000 JavaThread "Daemon" [_thread_blocked, id=1728, stack(0x000000001a4f0000,0x000000001a5f0000)]
  0x000000001978a800 JavaThread "pool-1-thread-1" [_thread_blocked, id=7628, stack(0x000000001a3f0000,0x000000001a4f0000)]
  0x00000000193d5800 JavaThread "Incoming local TCP Connector on port 62334" [_thread_in_native, id=7812, stack(0x0000000019f90000,0x000000001a090000)]
  0x000000001644f800 JavaThread "Service Thread" daemon [_thread_blocked, id=4772, stack(0x0000000018060000,0x0000000018160000)]
  0x00000000163e4000 JavaThread "C1 CompilerThread3" daemon [_thread_blocked, id=8124, stack(0x0000000017eb0000,0x0000000017fb0000)]
  0x00000000163cb000 JavaThread "C2 CompilerThread2" daemon [_thread_in_native, id=6772, stack(0x0000000017d60000,0x0000000017e60000)]
  0x00000000163b0800 JavaThread "C2 CompilerThread1" daemon [_thread_in_native, id=4912, stack(0x0000000017bf0000,0x0000000017cf0000)]
=>0x00000000163a8800 JavaThread "C2 CompilerThread0" daemon [_thread_in_native, id=8000, stack(0x00000000178f0000,0x00000000179f0000)]
  0x00000000163a7000 JavaThread "Attach Listener" daemon [_thread_blocked, id=8084, stack(0x0000000017a00000,0x0000000017b00000)]
  0x00000000163a6000 JavaThread "Signal Dispatcher" daemon [_thread_blocked, id=8092, stack(0x0000000017620000,0x0000000017720000)]
  0x00000000152fd800 JavaThread "Finalizer" daemon [_thread_blocked, id=6860, stack(0x0000000017760000,0x0000000017860000)]
  0x00000000152f6800 JavaThread "Reference Handler" daemon [_thread_blocked, id=7568, stack(0x00000000174e0000,0x00000000175e0000)]
  0x0000000001e3f000 JavaThread "main" [_thread_blocked, id=7688, stack(0x00000000021c0000,0x00000000022c0000)]

Other Threads:
  0x0000000016363800 VMThread [stack: 0x0000000017300000,0x0000000017400000] [id=5392]
  0x000000001642d000 WatcherThread [stack: 0x00000000182b0000,0x00000000183b0000] [id=4556]

VM state:not at safepoint (normal execution)

VM Mutex/Monitor currently owned by a thread: None

Heap:
 PSYoungGen      total 138240K, used 45590K [0x00000000eab00000, 0x00000000f6f80000, 0x0000000100000000)
  eden space 133120K, 30% used [0x00000000eab00000,0x00000000ed289b70,0x00000000f2d00000)
  from space 5120K, 99% used [0x00000000f2d00000,0x00000000f31fc040,0x00000000f3200000)
  to   space 14336K, 0% used [0x00000000f6180000,0x00000000f6180000,0x00000000f6f80000)
 ParOldGen       total 62464K, used 21252K [0x00000000c0000000, 0x00000000c3d00000, 0x00000000eab00000)
  object space 62464K, 34% used [0x00000000c0000000,0x00000000c14c11f0,0x00000000c3d00000)
 Metaspace       used 33344K, capacity 34124K, committed 34304K, reserved 1079296K
  class space    used 4412K, capacity 4607K, committed 4608K, reserved 1048576K

Card table byte_map: [0x0000000011950000,0x0000000011b60000] byte_map_base: 0x0000000011350000

Marking Bits: (ParMarkBitMap*) 0x0000000050bb9d00
 Begin Bits: [0x0000000012710000, 0x0000000013710000)
 End Bits:   [0x0000000013710000, 0x0000000014710000)

Polling page: 0x0000000000120000

CodeCache: size=245760Kb used=13881Kb max_used=13882Kb free=231878Kb
 bounds [0x0000000002590000, 0x0000000003330000, 0x0000000011590000]
 total_blobs=4333 nmethods=3662 adapters=583
 compilation: enabled

Compilation events (10 events):
Event: 17.104 Thread 0x00000000163e4000 nmethod 3846 0x000000000331bb90 code [0x000000000331bce0, 0x000000000331bdf0]
Event: 17.105 Thread 0x00000000163b0800 nmethod 3844 0x000000000332ac10 code [0x000000000332ada0, 0x000000000332b2f8]
Event: 17.109 Thread 0x00000000163e4000 3847       3       com.google.common.collect.MapMakerInternalMap$WeakValueReference::<init> (12 bytes)
Event: 17.109 Thread 0x00000000163e4000 nmethod 3847 0x00000000033198d0 code [0x0000000003319a40, 0x0000000003319d70]
Event: 17.129 Thread 0x00000000163e4000 3848       3       com.google.common.collect.MapMakerInternalMap$Segment::expireEntries (83 bytes)
Event: 17.131 Thread 0x00000000163e4000 nmethod 3848 0x0000000003329ad0 code [0x0000000003329d00, 0x000000000332a798]
Event: 17.138 Thread 0x00000000163e4000 3849   !   3       sun.nio.ch.NativeThreadSet::add (155 bytes)
Event: 17.140 Thread 0x00000000163e4000 nmethod 3849 0x0000000003328f90 code [0x0000000003329120, 0x00000000033297a8]
Event: 17.140 Thread 0x00000000163e4000 3850   !   3       sun.nio.ch.NativeThreadSet::remove (50 bytes)
Event: 17.140 Thread 0x00000000163e4000 nmethod 3850 0x0000000003328810 code [0x0000000003328980, 0x0000000003328dc8]

GC Heap History (10 events):
Event: 4.921 GC heap before
{Heap before GC invocations=2 (full 0):
 PSYoungGen      total 38400K, used 37469K [0x00000000eab00000, 0x00000000ef600000, 0x0000000100000000)
  eden space 33280K, 100% used [0x00000000eab00000,0x00000000ecb80000,0x00000000ecb80000)
  from space 5120K, 81% used [0x00000000ecb80000,0x00000000ecf974c0,0x00000000ed080000)
  to   space 5120K, 0% used [0x00000000ef100000,0x00000000ef100000,0x00000000ef600000)
 ParOldGen       total 87552K, used 8K [0x00000000c0000000, 0x00000000c5580000, 0x00000000eab00000)
  object space 87552K, 0% used [0x00000000c0000000,0x00000000c0002000,0x00000000c5580000)
 Metaspace       used 12718K, capacity 13066K, committed 13184K, reserved 1060864K
  class space    used 1698K, capacity 1817K, committed 1920K, reserved 1048576K
Event: 4.935 GC heap after
Heap after GC invocations=2 (full 0):
 PSYoungGen      total 71680K, used 5116K [0x00000000eab00000, 0x00000000ef600000, 0x0000000100000000)
  eden space 66560K, 0% used [0x00000000eab00000,0x00000000eab00000,0x00000000eec00000)
  from space 5120K, 99% used [0x00000000ef100000,0x00000000ef5ff000,0x00000000ef600000)
  to   space 5120K, 0% used [0x00000000eec00000,0x00000000eec00000,0x00000000ef100000)
 ParOldGen       total 87552K, used 1102K [0x00000000c0000000, 0x00000000c5580000, 0x00000000eab00000)
  object space 87552K, 1% used [0x00000000c0000000,0x00000000c0113b38,0x00000000c5580000)
 Metaspace       used 12718K, capacity 13066K, committed 13184K, reserved 1060864K
  class space    used 1698K, capacity 1817K, committed 1920K, reserved 1048576K
}
Event: 7.897 GC heap before
{Heap before GC invocations=3 (full 0):
 PSYoungGen      total 71680K, used 47837K [0x00000000eab00000, 0x00000000ef600000, 0x0000000100000000)
  eden space 66560K, 64% used [0x00000000eab00000,0x00000000ed4b8728,0x00000000eec00000)
  from space 5120K, 99% used [0x00000000ef100000,0x00000000ef5ff000,0x00000000ef600000)
  to   space 5120K, 0% used [0x00000000eec00000,0x00000000eec00000,0x00000000ef100000)
 ParOldGen       total 87552K, used 1102K [0x00000000c0000000, 0x00000000c5580000, 0x00000000eab00000)
  object space 87552K, 1% used [0x00000000c0000000,0x00000000c0113b38,0x00000000c5580000)
 Metaspace       used 20810K, capacity 21182K, committed 21296K, reserved 1067008K
  class space    used 2751K, capacity 2891K, committed 2944K, reserved 1048576K
Event: 7.914 GC heap after
Heap after GC invocations=3 (full 0):
 PSYoungGen      total 71680K, used 5112K [0x00000000eab00000, 0x00000000f3700000, 0x0000000100000000)
  eden space 66560K, 0% used [0x00000000eab00000,0x00000000eab00000,0x00000000eec00000)
  from space 5120K, 99% used [0x00000000eec00000,0x00000000ef0fe0d0,0x00000000ef100000)
  to   space 5120K, 0% used [0x00000000f3200000,0x00000000f3200000,0x00000000f3700000)
 ParOldGen       total 87552K, used 7642K [0x00000000c0000000, 0x00000000c5580000, 0x00000000eab00000)
  object space 87552K, 8% used [0x00000000c0000000,0x00000000c0776be0,0x00000000c5580000)
 Metaspace       used 20810K, capacity 21182K, committed 21296K, reserved 1067008K
  class space    used 2751K, capacity 2891K, committed 2944K, reserved 1048576K
}
Event: 7.914 GC heap before
{Heap before GC invocations=4 (full 1):
 PSYoungGen      total 71680K, used 5112K [0x00000000eab00000, 0x00000000f3700000, 0x0000000100000000)
  eden space 66560K, 0% used [0x00000000eab00000,0x00000000eab00000,0x00000000eec00000)
  from space 5120K, 99% used [0x00000000eec00000,0x00000000ef0fe0d0,0x00000000ef100000)
  to   space 5120K, 0% used [0x00000000f3200000,0x00000000f3200000,0x00000000f3700000)
 ParOldGen       total 87552K, used 7642K [0x00000000c0000000, 0x00000000c5580000, 0x00000000eab00000)
  object space 87552K, 8% used [0x00000000c0000000,0x00000000c0776be0,0x00000000c5580000)
 Metaspace       used 20810K, capacity 21182K, committed 21296K, reserved 1067008K
  class space    used 2751K, capacity 2891K, committed 2944K, reserved 1048576K
Event: 7.998 GC heap after
Heap after GC invocations=4 (full 1):
 PSYoungGen      total 71680K, used 0K [0x00000000eab00000, 0x00000000f3700000, 0x0000000100000000)
  eden space 66560K, 0% used [0x00000000eab00000,0x00000000eab00000,0x00000000eec00000)
  from space 5120K, 0% used [0x00000000eec00000,0x00000000eec00000,0x00000000ef100000)
  to   space 5120K, 0% used [0x00000000f3200000,0x00000000f3200000,0x00000000f3700000)
 ParOldGen       total 62464K, used 11292K [0x00000000c0000000, 0x00000000c3d00000, 0x00000000eab00000)
  object space 62464K, 18% used [0x00000000c0000000,0x00000000c0b07330,0x00000000c3d00000)
 Metaspace       used 20810K, capacity 21182K, committed 21296K, reserved 1067008K
  class space    used 2751K, capacity 2891K, committed 2944K, reserved 1048576K
}
Event: 10.867 GC heap before
{Heap before GC invocations=5 (full 1):
 PSYoungGen      total 71680K, used 66560K [0x00000000eab00000, 0x00000000f3700000, 0x0000000100000000)
  eden space 66560K, 100% used [0x00000000eab00000,0x00000000eec00000,0x00000000eec00000)
  from space 5120K, 0% used [0x00000000eec00000,0x00000000eec00000,0x00000000ef100000)
  to   space 5120K, 0% used [0x00000000f3200000,0x00000000f3200000,0x00000000f3700000)
 ParOldGen       total 62464K, used 11292K [0x00000000c0000000, 0x00000000c3d00000, 0x00000000eab00000)
  object space 62464K, 18% used [0x00000000c0000000,0x00000000c0b07330,0x00000000c3d00000)
 Metaspace       used 26264K, capacity 26836K, committed 27008K, reserved 1073152K
  class space    used 3425K, capacity 3588K, committed 3712K, reserved 1048576K
Event: 10.882 GC heap after
Heap after GC invocations=5 (full 1):
 PSYoungGen      total 114176K, used 5112K [0x00000000eab00000, 0x00000000f3700000, 0x0000000100000000)
  eden space 109056K, 0% used [0x00000000eab00000,0x00000000eab00000,0x00000000f1580000)
  from space 5120K, 99% used [0x00000000f3200000,0x00000000f36fe3b8,0x00000000f3700000)
  to   space 5120K, 0% used [0x00000000f2d00000,0x00000000f2d00000,0x00000000f3200000)
 ParOldGen       total 62464K, used 14879K [0x00000000c0000000, 0x00000000c3d00000, 0x00000000eab00000)
  object space 62464K, 23% used [0x00000000c0000000,0x00000000c0e87ca8,0x00000000c3d00000)
 Metaspace       used 26264K, capacity 26836K, committed 27008K, reserved 1073152K
  class space    used 3425K, capacity 3588K, committed 3712K, reserved 1048576K
}
Event: 15.539 GC heap before
{Heap before GC invocations=6 (full 1):
 PSYoungGen      total 114176K, used 114168K [0x00000000eab00000, 0x00000000f3700000, 0x0000000100000000)
  eden space 109056K, 100% used [0x00000000eab00000,0x00000000f1580000,0x00000000f1580000)
  from space 5120K, 99% used [0x00000000f3200000,0x00000000f36fe3b8,0x00000000f3700000)
  to   space 5120K, 0% used [0x00000000f2d00000,0x00000000f2d00000,0x00000000f3200000)
 ParOldGen       total 62464K, used 14879K [0x00000000c0000000, 0x00000000c3d00000, 0x00000000eab00000)
  object space 62464K, 23% used [0x00000000c0000000,0x00000000c0e87ca8,0x00000000c3d00000)
 Metaspace       used 31355K, capacity 31984K, committed 32256K, reserved 1077248K
  class space    used 4179K, capacity 4315K, committed 4352K, reserved 1048576K
Event: 15.559 GC heap after
Heap after GC invocations=6 (full 1):
 PSYoungGen      total 138240K, used 5104K [0x00000000eab00000, 0x00000000f6f80000, 0x0000000100000000)
  eden space 133120K, 0% used [0x00000000eab00000,0x00000000eab00000,0x00000000f2d00000)
  from space 5120K, 99% used [0x00000000f2d00000,0x00000000f31fc040,0x00000000f3200000)
  to   space 14336K, 0% used [0x00000000f6180000,0x00000000f6180000,0x00000000f6f80000)
 ParOldGen       total 62464K, used 21252K [0x00000000c0000000, 0x00000000c3d00000, 0x00000000eab00000)
  object space 62464K, 34% used [0x00000000c0000000,0x00000000c14c11f0,0x00000000c3d00000)
 Metaspace       used 31355K, capacity 31984K, committed 32256K, reserved 1077248K
  class space    used 4179K, capacity 4315K, committed 4352K, reserved 1048576K
}

Deoptimization events (10 events):
Event: 14.818 Thread 0x0000000019416000 Uncommon trap: reason=unstable_if action=reinterpret pc=0x000000000301e84c method=org.apache.xerces.dom.ParentNode.nodeListGetLength()I @ 22
Event: 15.121 Thread 0x0000000019416000 Uncommon trap: reason=unstable_if action=reinterpret pc=0x000000000309b724 method=org.apache.xerces.impl.XMLEntityScanner.skipSpaces()Z @ 70
Event: 15.121 Thread 0x0000000019416000 Uncommon trap: reason=unstable_if action=reinterpret pc=0x00000000030c398c method=org.apache.xerces.impl.XMLEntityScanner.scanContent(Lorg/apache/xerces/xni/XMLString;)I @ 134
Event: 15.123 Thread 0x0000000019416000 Uncommon trap: reason=unstable_if action=reinterpret pc=0x00000000030719b4 method=org.apache.xerces.impl.XMLEntityScanner.skipSpaces()Z @ 70
Event: 15.172 Thread 0x0000000019416000 Uncommon trap: reason=unstable_if action=reinterpret pc=0x00000000029d337c method=org.apache.xerces.impl.XMLEntityScanner.scanData(Ljava/lang/String;Lorg/apache/xerces/util/XMLStringBuffer;)Z @ 332
Event: 15.172 Thread 0x0000000019416000 Uncommon trap: reason=unstable_if action=reinterpret pc=0x0000000003091598 method=org.apache.xerces.impl.XMLEntityScanner.peekChar()I @ 53
Event: 15.207 Thread 0x0000000019416000 Uncommon trap: reason=unstable_if action=reinterpret pc=0x00000000028324f0 method=org.apache.xerces.impl.XMLEntityScanner.scanContent(Lorg/apache/xerces/xni/XMLString;)I @ 684
Event: 15.339 Thread 0x0000000019416000 Uncommon trap: reason=unstable_if action=reinterpret pc=0x00000000030f4b1c method=org.apache.xerces.parsers.AbstractDOMParser.characters(Lorg/apache/xerces/xni/XMLString;Lorg/apache/xerces/xni/Augmentations;)V @ 266
Event: 15.355 Thread 0x0000000019416000 Uncommon trap: reason=unstable_if action=reinterpret pc=0x00000000026b1a70 method=org.apache.xerces.impl.io.UTF8Reader.read([CII)I @ 123
Event: 15.695 Thread 0x0000000019416000 Uncommon trap: reason=unstable_if action=reinterpret pc=0x00000000031172e0 method=org.apache.xerces.impl.XMLEntityScanner.skipSpaces()Z @ 70

Internal exceptions (10 events):
Event: 16.727 Thread 0x0000000019416000 Exception <a 'java/lang/ClassNotFoundException': org/gradle/api/internal/ConventionTaskBeanInfo> (0x00000000ec5f9758) thrown at [C:\src\android\AOSP-openjdk\external\jetbrains\jdk\hotspot\src\share\vm\classfile\systemDictionary.cpp, line 210]
Event: 16.728 Thread 0x0000000019416000 Exception <a 'java/lang/ClassNotFoundException': org/gradle/api/DefaultTaskBeanInfo> (0x00000000ec616048) thrown at [C:\src\android\AOSP-openjdk\external\jetbrains\jdk\hotspot\src\share\vm\classfile\systemDictionary.cpp, line 210]
Event: 16.729 Thread 0x0000000019416000 Exception <a 'java/lang/ClassNotFoundException': org/gradle/api/internal/AbstractTaskBeanInfo> (0x00000000ec637ca8) thrown at [C:\src\android\AOSP-openjdk\external\jetbrains\jdk\hotspot\src\share\vm\classfile\systemDictionary.cpp, line 210]
Event: 16.730 Thread 0x0000000019416000 Exception <a 'java/lang/ClassNotFoundException': org/gradle/api/internal/AbstractTaskCustomizer> (0x00000000ec65a278) thrown at [C:\src\android\AOSP-openjdk\external\jetbrains\jdk\hotspot\src\share\vm\classfile\systemDictionary.cpp, line 210]
Event: 16.739 Thread 0x0000000019416000 Exception <a 'java/lang/ClassNotFoundException': org/gradle/api/DefaultTaskCustomizer> (0x00000000ec6d4240) thrown at [C:\src\android\AOSP-openjdk\external\jetbrains\jdk\hotspot\src\share\vm\classfile\systemDictionary.cpp, line 210]
Event: 16.741 Thread 0x0000000019416000 Exception <a 'java/lang/ClassNotFoundException': org/gradle/api/internal/ConventionTaskCustomizer> (0x00000000ec705650) thrown at [C:\src\android\AOSP-openjdk\external\jetbrains\jdk\hotspot\src\share\vm\classfile\systemDictionary.cpp, line 210]
Event: 16.743 Thread 0x0000000019416000 Exception <a 'java/lang/ClassNotFoundException': org/gradle/api/tasks/DeleteCustomizer> (0x00000000ec735218) thrown at [C:\src\android\AOSP-openjdk\external\jetbrains\jdk\hotspot\src\share\vm\classfile\systemDictionary.cpp, line 210]
Event: 16.745 Thread 0x0000000019416000 Exception <a 'java/lang/ClassNotFoundException': org/gradle/api/tasks/Delete_DecoratedCustomizer> (0x00000000ec76e1e8) thrown at [C:\src\android\AOSP-openjdk\external\jetbrains\jdk\hotspot\src\share\vm\classfile\systemDictionary.cpp, line 210]
Event: 16.963 Thread 0x0000000019416000 Exception <a 'java/lang/ClassNotFoundException': build_9jr0e7toij1wtk3ttidkv3wr8BeanInfo> (0x00000000ecb0ee40) thrown at [C:\src\android\AOSP-openjdk\external\jetbrains\jdk\hotspot\src\share\vm\classfile\systemDictionary.cpp, line 210]
Event: 16.964 Thread 0x0000000019416000 Exception <a 'java/lang/ClassNotFoundException': build_9jr0e7toij1wtk3ttidkv3wr8Customizer> (0x00000000ecb1dd80) thrown at [C:\src\android\AOSP-openjdk\external\jetbrains\jdk\hotspot\src\share\vm\classfile\systemDictionary.cpp, line 210]

Events (10 events):
Event: 17.135 loading class com/android/tools/analytics/Environment$1
Event: 17.135 loading class com/android/tools/analytics/Environment$1 done
Event: 17.136 loading class java/nio/file/Paths
Event: 17.136 loading class java/nio/file/Paths done
Event: 17.137 loading class java/nio/channels/Channels
Event: 17.138 loading class java/nio/channels/Channels done
Event: 17.138 loading class sun/nio/ch/ChannelInputStream
Event: 17.138 loading class sun/nio/ch/ChannelInputStream done
Event: 17.138 loading class com/google/gson/GsonBuilder
Event: 17.138 loading class com/google/gson/GsonBuilder done


Dynamic libraries:
0x000000013f420000 - 0x000000013f451000 	C:\Program Files\Android\Android Studio\jre\bin\java.exe
0x0000000077260000 - 0x000000007740a000 	C:\Windows\SYSTEM32\ntdll.dll
0x0000000077140000 - 0x000000007725f000 	C:\Windows\system32\kernel32.dll
0x000007fefd290000 - 0x000007fefd2fa000 	C:\Windows\system32\KERNELBASE.dll
0x000007fefdb80000 - 0x000007fefdc5b000 	C:\Windows\system32\ADVAPI32.dll
0x000007fefeca0000 - 0x000007fefed3f000 	C:\Windows\system32\msvcrt.dll
0x000007fefd9f0000 - 0x000007fefda0f000 	C:\Windows\SYSTEM32\sechost.dll
0x000007fefd730000 - 0x000007fefd85d000 	C:\Windows\system32\RPCRT4.dll
0x0000000077040000 - 0x000000007713a000 	C:\Windows\system32\USER32.dll
0x000007fefda40000 - 0x000007fefdaa7000 	C:\Windows\system32\GDI32.dll
0x000007feff560000 - 0x000007feff56e000 	C:\Windows\system32\LPK.dll
0x000007fefee20000 - 0x000007fefeeea000 	C:\Windows\system32\USP10.dll
0x000007fefb990000 - 0x000007fefbb84000 	C:\Windows\WinSxS\amd64_microsoft.windows.common-controls_6595b64144ccf1df_6.0.7601.18837_none_fa3b1e3d17594757\COMCTL32.dll
0x000007fefdab0000 - 0x000007fefdb21000 	C:\Windows\system32\SHLWAPI.dll
0x000007fefda10000 - 0x000007fefda3e000 	C:\Windows\system32\IMM32.DLL
0x000007fefd350000 - 0x000007fefd459000 	C:\Windows\system32\MSCTF.dll
0x0000000067060000 - 0x0000000067132000 	C:\Program Files\Android\Android Studio\jre\jre\bin\msvcr100.dll
0x0000000050400000 - 0x0000000050c34000 	C:\Program Files\Android\Android Studio\jre\jre\bin\server\jvm.dll
0x000007fef78f0000 - 0x000007fef78f9000 	C:\Windows\system32\WSOCK32.dll
0x000007fefdb30000 - 0x000007fefdb7d000 	C:\Windows\system32\WS2_32.dll
0x000007fefd4c0000 - 0x000007fefd4c8000 	C:\Windows\system32\NSI.dll
0x000007fefac50000 - 0x000007fefac8b000 	C:\Windows\system32\WINMM.dll
0x000007fefc210000 - 0x000007fefc21c000 	C:\Windows\system32\VERSION.dll
0x0000000077430000 - 0x0000000077437000 	C:\Windows\system32\PSAPI.DLL
0x000007fef1e60000 - 0x000007fef1e6f000 	C:\Program Files\Android\Android Studio\jre\jre\bin\verify.dll
0x000007feeb9b0000 - 0x000007feeb9d9000 	C:\Program Files\Android\Android Studio\jre\jre\bin\java.dll
0x000007feeb9f0000 - 0x000007feeba06000 	C:\Program Files\Android\Android Studio\jre\jre\bin\zip.dll
0x000007fefdc60000 - 0x000007fefe9ec000 	C:\Windows\system32\SHELL32.dll
0x000007fefe9f0000 - 0x000007fefebf3000 	C:\Windows\system32\ole32.dll
0x000007fefcf90000 - 0x000007fefcf9f000 	C:\Windows\system32\profapi.dll
0x000007feeb990000 - 0x000007feeb9aa000 	C:\Program Files\Android\Android Studio\jre\jre\bin\net.dll
0x000007fefc7f0000 - 0x000007fefc845000 	C:\Windows\system32\mswsock.dll
0x000007fefc920000 - 0x000007fefc927000 	C:\Windows\System32\wship6.dll
0x000007feeb8e0000 - 0x000007feeb8f1000 	C:\Program Files\Android\Android Studio\jre\jre\bin\nio.dll
0x000007fedeb40000 - 0x000007fedeb52000 	C:\Users\ferrei_e\.gradle\native\19\windows-amd64\native-platform.dll
0x000007fefc870000 - 0x000007fefc888000 	C:\Windows\system32\CRYPTSP.dll
0x000007fefc4a0000 - 0x000007fefc4e7000 	C:\Windows\system32\rsaenh.dll
0x000007fefcfc0000 - 0x000007fefcfde000 	C:\Windows\system32\USERENV.dll
0x000007fefcdf0000 - 0x000007fefcdff000 	C:\Windows\system32\CRYPTBASE.dll
0x000007fef9b50000 - 0x000007fef9b77000 	C:\Windows\system32\IPHLPAPI.DLL
0x000007fef9b40000 - 0x000007fef9b4b000 	C:\Windows\system32\WINNSI.DLL
0x000007fef9940000 - 0x000007fef9951000 	C:\Windows\system32\dhcpcsvc6.DLL
0x000007fef9920000 - 0x000007fef9938000 	C:\Windows\system32\dhcpcsvc.DLL
0x000007fef1e70000 - 0x000007fef1e7d000 	C:\Program Files\Android\Android Studio\jre\jre\bin\management.dll
0x000007fefcd90000 - 0x000007fefcde7000 	C:\Windows\system32\apphelp.dll

VM Arguments:
jvm_args: -XX:MaxPermSize=256m -XX:+HeapDumpOnOutOfMemoryError -Xmx1024m -Dfile.encoding=windows-1252 -Duser.country=FR -Duser.language=fr -Duser.variant 
java_command: org.gradle.launcher.daemon.bootstrap.GradleDaemon 2.14.1
java_class_path (initial): C:\Program Files\Android\Android Studio\gradle\gradle-2.14.1\lib\gradle-launcher-2.14.1.jar
Launcher Type: SUN_STANDARD

Environment Variables:
JAVA_HOME=C:\Program Files\Java\jdk1.8.0_31
PATH=C:\Perl64\site\bin;C:\Perl64\bin;C:\ProgramData\Oracle\Java\javapath;C:\Windows\system32;C:\Windows;C:\Windows\System32\Wbem;C:\Windows\System32\WindowsPowerShell\v1.0\;C:\Program Files\Intel\WiFi\bin\;C:\Program Files\Common Files\Intel\WirelessCommon\;C:\Program Files (x86)\ATI Technologies\ATI.ACE\Core-Static;C:\wamp\bin\php\php5.5.12\;C:\Program Files\Microsoft SQL Server\120\Tools\Binn\;C:\Program Files (x86)\Windows Kits\10\Windows Performance Toolkit\;C:\Program Files\Microsoft\Web Platform Installer\;C:\Program Files\Microsoft SQL Server\110\Tools\Binn\;C:\Program Files\TortoiseGit\bin;C:\Program Files\TortoiseSVN\bin;C:\Program Files (x86)\Skype\Phone\
USERNAME=ferrei_e
OS=Windows_NT
PROCESSOR_IDENTIFIER=Intel64 Family 6 Model 58 Stepping 9, GenuineIntel



---------------  S Y S T E M  ---------------

OS: Windows 7 , 64 bit Build 7601 (6.1.7601.23539)

CPU:total 8 (4 cores per cpu, 2 threads per core) family 6 model 58 stepping 9, cmov, cx8, fxsr, mmx, sse, sse2, sse3, ssse3, sse4.1, sse4.2, popcnt, avx, aes, clmul, erms, ht, tsc, tscinvbit, tscinv

Memory: 4k page, physical 8317928k(977956k free), swap 9340068k(5244k free)

vm_info: OpenJDK 64-Bit Server VM (25.76-b03) for windows-amd64 JRE (1.8.0_76-release-b03), built on Jun 29 2016 19:09:20 by "ralucas" with MS VC++ 10.0 (VS2010)

time: Mon Oct 03 00:07:25 2016
elapsed time: 17 seconds (0d 0h 0m 17s)

